<?xml version="1.0" encoding="UTF-8"?>
<testsuite xmlns:xsi="http://www.w3.org/2001/XMLSchema-instance" xsi:noNamespaceSchemaLocation="https://maven.apache.org/surefire/maven-surefire-plugin/xsd/surefire-test-report.xsd" name="com.example.demo.SpringBootRestApplicationTests" time="19.371" tests="4" errors="0" skipped="0" failures="0">
  <properties>
    <property name="sun.desktop" value="windows"/>
    <property name="awt.toolkit" value="sun.awt.windows.WToolkit"/>
    <property name="file.encoding.pkg" value="sun.io"/>
    <property name="java.specification.version" value="1.8"/>
    <property name="sun.cpu.isalist" value="amd64"/>
    <property name="sun.jnu.encoding" value="Cp1252"/>
    <property name="java.class.path" value="C:\Users\680947\Documents\workspace-spring-tool-suite-4-4.4.0.RELEASE\SpringBootRest\target\test-classes;C:\Users\680947\Documents\workspace-spring-tool-suite-4-4.4.0.RELEASE\SpringBootRest\target\classes;D:\GlobalMaven\org\springframework\boot\spring-boot-starter-jersey\2.1.8.RELEASE\spring-boot-starter-jersey-2.1.8.RELEASE.jar;D:\GlobalMaven\org\springframework\boot\spring-boot-starter-json\2.1.8.RELEASE\spring-boot-starter-json-2.1.8.RELEASE.jar;D:\GlobalMaven\com\fasterxml\jackson\core\jackson-databind\2.9.9.3\jackson-databind-2.9.9.3.jar;D:\GlobalMaven\com\fasterxml\jackson\core\jackson-core\2.9.9\jackson-core-2.9.9.jar;D:\GlobalMaven\com\fasterxml\jackson\datatype\jackson-datatype-jdk8\2.9.9\jackson-datatype-jdk8-2.9.9.jar;D:\GlobalMaven\com\fasterxml\jackson\datatype\jackson-datatype-jsr310\2.9.9\jackson-datatype-jsr310-2.9.9.jar;D:\GlobalMaven\com\fasterxml\jackson\module\jackson-module-parameter-names\2.9.9\jackson-module-parameter-names-2.9.9.jar;D:\GlobalMaven\org\springframework\boot\spring-boot-starter-tomcat\2.1.8.RELEASE\spring-boot-starter-tomcat-2.1.8.RELEASE.jar;D:\GlobalMaven\javax\annotation\javax.annotation-api\1.3.2\javax.annotation-api-1.3.2.jar;D:\GlobalMaven\org\apache\tomcat\embed\tomcat-embed-core\9.0.24\tomcat-embed-core-9.0.24.jar;D:\GlobalMaven\org\apache\tomcat\embed\tomcat-embed-el\9.0.24\tomcat-embed-el-9.0.24.jar;D:\GlobalMaven\org\apache\tomcat\embed\tomcat-embed-websocket\9.0.24\tomcat-embed-websocket-9.0.24.jar;D:\GlobalMaven\org\springframework\boot\spring-boot-starter-validation\2.1.8.RELEASE\spring-boot-starter-validation-2.1.8.RELEASE.jar;D:\GlobalMaven\org\springframework\spring-web\5.1.9.RELEASE\spring-web-5.1.9.RELEASE.jar;D:\GlobalMaven\org\springframework\spring-beans\5.1.9.RELEASE\spring-beans-5.1.9.RELEASE.jar;D:\GlobalMaven\org\glassfish\jersey\core\jersey-server\2.27\jersey-server-2.27.jar;D:\GlobalMaven\org\glassfish\jersey\core\jersey-common\2.27\jersey-common-2.27.jar;D:\GlobalMaven\org\glassfish\hk2\osgi-resource-locator\1.0.1\osgi-resource-locator-1.0.1.jar;D:\GlobalMaven\org\glassfish\jersey\core\jersey-client\2.27\jersey-client-2.27.jar;D:\GlobalMaven\javax\ws\rs\javax.ws.rs-api\2.1\javax.ws.rs-api-2.1.jar;D:\GlobalMaven\org\glassfish\jersey\media\jersey-media-jaxb\2.27\jersey-media-jaxb-2.27.jar;D:\GlobalMaven\javax\validation\validation-api\2.0.1.Final\validation-api-2.0.1.Final.jar;D:\GlobalMaven\org\glassfish\jersey\containers\jersey-container-servlet-core\2.27\jersey-container-servlet-core-2.27.jar;D:\GlobalMaven\org\glassfish\jersey\containers\jersey-container-servlet\2.27\jersey-container-servlet-2.27.jar;D:\GlobalMaven\org\glassfish\jersey\ext\jersey-bean-validation\2.27\jersey-bean-validation-2.27.jar;D:\GlobalMaven\org\glassfish\jersey\ext\jersey-spring4\2.27\jersey-spring4-2.27.jar;D:\GlobalMaven\org\glassfish\jersey\inject\jersey-hk2\2.27\jersey-hk2-2.27.jar;D:\GlobalMaven\org\glassfish\hk2\hk2-locator\2.5.0-b42\hk2-locator-2.5.0-b42.jar;D:\GlobalMaven\org\glassfish\hk2\external\aopalliance-repackaged\2.5.0-b42\aopalliance-repackaged-2.5.0-b42.jar;D:\GlobalMaven\org\javassist\javassist\3.22.0-CR2\javassist-3.22.0-CR2.jar;D:\GlobalMaven\org\glassfish\hk2\hk2\2.5.0-b42\hk2-2.5.0-b42.jar;D:\GlobalMaven\org\glassfish\hk2\hk2-utils\2.5.0-b42\hk2-utils-2.5.0-b42.jar;D:\GlobalMaven\javax\inject\javax.inject\1\javax.inject-1.jar;D:\GlobalMaven\org\glassfish\hk2\hk2-api\2.5.0-b42\hk2-api-2.5.0-b42.jar;D:\GlobalMaven\org\glassfish\hk2\config-types\2.5.0-b42\config-types-2.5.0-b42.jar;D:\GlobalMaven\org\glassfish\hk2\hk2-core\2.5.0-b42\hk2-core-2.5.0-b42.jar;D:\GlobalMaven\org\glassfish\hk2\hk2-config\2.5.0-b42\hk2-config-2.5.0-b42.jar;D:\GlobalMaven\org\glassfish\hk2\hk2-runlevel\2.5.0-b42\hk2-runlevel-2.5.0-b42.jar;D:\GlobalMaven\org\glassfish\hk2\class-model\2.5.0-b42\class-model-2.5.0-b42.jar;D:\GlobalMaven\org\glassfish\hk2\external\asm-all-repackaged\2.5.0-b42\asm-all-repackaged-2.5.0-b42.jar;D:\GlobalMaven\org\glassfish\hk2\spring-bridge\2.5.0-b42\spring-bridge-2.5.0-b42.jar;D:\GlobalMaven\org\springframework\spring-aop\5.1.9.RELEASE\spring-aop-5.1.9.RELEASE.jar;D:\GlobalMaven\org\glassfish\jersey\media\jersey-media-json-jackson\2.27\jersey-media-json-jackson-2.27.jar;D:\GlobalMaven\org\glassfish\jersey\ext\jersey-entity-filtering\2.27\jersey-entity-filtering-2.27.jar;D:\GlobalMaven\com\fasterxml\jackson\core\jackson-annotations\2.9.0\jackson-annotations-2.9.0.jar;D:\GlobalMaven\com\fasterxml\jackson\module\jackson-module-jaxb-annotations\2.9.9\jackson-module-jaxb-annotations-2.9.9.jar;D:\GlobalMaven\javax\xml\bind\jaxb-api\2.3.1\jaxb-api-2.3.1.jar;D:\GlobalMaven\javax\activation\javax.activation-api\1.2.0\javax.activation-api-1.2.0.jar;D:\GlobalMaven\org\springframework\boot\spring-boot-starter-web\2.1.8.RELEASE\spring-boot-starter-web-2.1.8.RELEASE.jar;D:\GlobalMaven\org\springframework\boot\spring-boot-starter\2.1.8.RELEASE\spring-boot-starter-2.1.8.RELEASE.jar;D:\GlobalMaven\org\springframework\boot\spring-boot\2.1.8.RELEASE\spring-boot-2.1.8.RELEASE.jar;D:\GlobalMaven\org\springframework\boot\spring-boot-autoconfigure\2.1.8.RELEASE\spring-boot-autoconfigure-2.1.8.RELEASE.jar;D:\GlobalMaven\org\springframework\boot\spring-boot-starter-logging\2.1.8.RELEASE\spring-boot-starter-logging-2.1.8.RELEASE.jar;D:\GlobalMaven\ch\qos\logback\logback-classic\1.2.3\logback-classic-1.2.3.jar;D:\GlobalMaven\ch\qos\logback\logback-core\1.2.3\logback-core-1.2.3.jar;D:\GlobalMaven\org\apache\logging\log4j\log4j-to-slf4j\2.11.2\log4j-to-slf4j-2.11.2.jar;D:\GlobalMaven\org\apache\logging\log4j\log4j-api\2.11.2\log4j-api-2.11.2.jar;D:\GlobalMaven\org\slf4j\jul-to-slf4j\1.7.28\jul-to-slf4j-1.7.28.jar;D:\GlobalMaven\org\yaml\snakeyaml\1.23\snakeyaml-1.23.jar;D:\GlobalMaven\org\hibernate\validator\hibernate-validator\6.0.17.Final\hibernate-validator-6.0.17.Final.jar;D:\GlobalMaven\org\jboss\logging\jboss-logging\3.3.3.Final\jboss-logging-3.3.3.Final.jar;D:\GlobalMaven\com\fasterxml\classmate\1.4.0\classmate-1.4.0.jar;D:\GlobalMaven\org\springframework\spring-webmvc\5.1.9.RELEASE\spring-webmvc-5.1.9.RELEASE.jar;D:\GlobalMaven\org\springframework\spring-context\5.1.9.RELEASE\spring-context-5.1.9.RELEASE.jar;D:\GlobalMaven\org\springframework\spring-expression\5.1.9.RELEASE\spring-expression-5.1.9.RELEASE.jar;D:\GlobalMaven\org\springframework\boot\spring-boot-starter-test\2.1.8.RELEASE\spring-boot-starter-test-2.1.8.RELEASE.jar;D:\GlobalMaven\org\springframework\boot\spring-boot-test\2.1.8.RELEASE\spring-boot-test-2.1.8.RELEASE.jar;D:\GlobalMaven\org\springframework\boot\spring-boot-test-autoconfigure\2.1.8.RELEASE\spring-boot-test-autoconfigure-2.1.8.RELEASE.jar;D:\GlobalMaven\com\jayway\jsonpath\json-path\2.4.0\json-path-2.4.0.jar;D:\GlobalMaven\net\minidev\json-smart\2.3\json-smart-2.3.jar;D:\GlobalMaven\net\minidev\accessors-smart\1.2\accessors-smart-1.2.jar;D:\GlobalMaven\org\ow2\asm\asm\5.0.4\asm-5.0.4.jar;D:\GlobalMaven\org\slf4j\slf4j-api\1.7.28\slf4j-api-1.7.28.jar;D:\GlobalMaven\junit\junit\4.12\junit-4.12.jar;D:\GlobalMaven\org\assertj\assertj-core\3.11.1\assertj-core-3.11.1.jar;D:\GlobalMaven\org\mockito\mockito-core\2.23.4\mockito-core-2.23.4.jar;D:\GlobalMaven\net\bytebuddy\byte-buddy\1.9.16\byte-buddy-1.9.16.jar;D:\GlobalMaven\net\bytebuddy\byte-buddy-agent\1.9.16\byte-buddy-agent-1.9.16.jar;D:\GlobalMaven\org\objenesis\objenesis\2.6\objenesis-2.6.jar;D:\GlobalMaven\org\hamcrest\hamcrest-core\1.3\hamcrest-core-1.3.jar;D:\GlobalMaven\org\hamcrest\hamcrest-library\1.3\hamcrest-library-1.3.jar;D:\GlobalMaven\org\skyscreamer\jsonassert\1.5.0\jsonassert-1.5.0.jar;D:\GlobalMaven\com\vaadin\external\google\android-json\0.0.20131108.vaadin1\android-json-0.0.20131108.vaadin1.jar;D:\GlobalMaven\org\springframework\spring-core\5.1.9.RELEASE\spring-core-5.1.9.RELEASE.jar;D:\GlobalMaven\org\springframework\spring-jcl\5.1.9.RELEASE\spring-jcl-5.1.9.RELEASE.jar;D:\GlobalMaven\org\springframework\spring-test\5.1.9.RELEASE\spring-test-5.1.9.RELEASE.jar;D:\GlobalMaven\org\xmlunit\xmlunit-core\2.6.3\xmlunit-core-2.6.3.jar;"/>
    <property name="java.vm.vendor" value="Oracle Corporation"/>
    <property name="sun.arch.data.model" value="64"/>
    <property name="user.variant" value=""/>
    <property name="java.vendor.url" value="http://java.oracle.com/"/>
    <property name="user.timezone" value="Europe/Berlin"/>
    <property name="java.vm.specification.version" value="1.8"/>
    <property name="os.name" value="Windows 10"/>
    <property name="user.country" value="US"/>
    <property name="sun.java.launcher" value="SUN_STANDARD"/>
    <property name="sun.boot.library.path" value="C:\Program Files\Java\jdk1.8.0_221\jre\bin"/>
    <property name="sun.java.command" value="C:\Users\680947\AppData\Local\Temp\surefire1278141824250337078\surefirebooter4102653398531825371.jar C:\Users\680947\AppData\Local\Temp\surefire1278141824250337078 2019-09-26T20-10-51_634-jvmRun1 surefire7048260742089511276tmp surefire_01809909059890196549tmp"/>
    <property name="surefire.test.class.path" value="C:\Users\680947\Documents\workspace-spring-tool-suite-4-4.4.0.RELEASE\SpringBootRest\target\test-classes;C:\Users\680947\Documents\workspace-spring-tool-suite-4-4.4.0.RELEASE\SpringBootRest\target\classes;D:\GlobalMaven\org\springframework\boot\spring-boot-starter-jersey\2.1.8.RELEASE\spring-boot-starter-jersey-2.1.8.RELEASE.jar;D:\GlobalMaven\org\springframework\boot\spring-boot-starter-json\2.1.8.RELEASE\spring-boot-starter-json-2.1.8.RELEASE.jar;D:\GlobalMaven\com\fasterxml\jackson\core\jackson-databind\2.9.9.3\jackson-databind-2.9.9.3.jar;D:\GlobalMaven\com\fasterxml\jackson\core\jackson-core\2.9.9\jackson-core-2.9.9.jar;D:\GlobalMaven\com\fasterxml\jackson\datatype\jackson-datatype-jdk8\2.9.9\jackson-datatype-jdk8-2.9.9.jar;D:\GlobalMaven\com\fasterxml\jackson\datatype\jackson-datatype-jsr310\2.9.9\jackson-datatype-jsr310-2.9.9.jar;D:\GlobalMaven\com\fasterxml\jackson\module\jackson-module-parameter-names\2.9.9\jackson-module-parameter-names-2.9.9.jar;D:\GlobalMaven\org\springframework\boot\spring-boot-starter-tomcat\2.1.8.RELEASE\spring-boot-starter-tomcat-2.1.8.RELEASE.jar;D:\GlobalMaven\javax\annotation\javax.annotation-api\1.3.2\javax.annotation-api-1.3.2.jar;D:\GlobalMaven\org\apache\tomcat\embed\tomcat-embed-core\9.0.24\tomcat-embed-core-9.0.24.jar;D:\GlobalMaven\org\apache\tomcat\embed\tomcat-embed-el\9.0.24\tomcat-embed-el-9.0.24.jar;D:\GlobalMaven\org\apache\tomcat\embed\tomcat-embed-websocket\9.0.24\tomcat-embed-websocket-9.0.24.jar;D:\GlobalMaven\org\springframework\boot\spring-boot-starter-validation\2.1.8.RELEASE\spring-boot-starter-validation-2.1.8.RELEASE.jar;D:\GlobalMaven\org\springframework\spring-web\5.1.9.RELEASE\spring-web-5.1.9.RELEASE.jar;D:\GlobalMaven\org\springframework\spring-beans\5.1.9.RELEASE\spring-beans-5.1.9.RELEASE.jar;D:\GlobalMaven\org\glassfish\jersey\core\jersey-server\2.27\jersey-server-2.27.jar;D:\GlobalMaven\org\glassfish\jersey\core\jersey-common\2.27\jersey-common-2.27.jar;D:\GlobalMaven\org\glassfish\hk2\osgi-resource-locator\1.0.1\osgi-resource-locator-1.0.1.jar;D:\GlobalMaven\org\glassfish\jersey\core\jersey-client\2.27\jersey-client-2.27.jar;D:\GlobalMaven\javax\ws\rs\javax.ws.rs-api\2.1\javax.ws.rs-api-2.1.jar;D:\GlobalMaven\org\glassfish\jersey\media\jersey-media-jaxb\2.27\jersey-media-jaxb-2.27.jar;D:\GlobalMaven\javax\validation\validation-api\2.0.1.Final\validation-api-2.0.1.Final.jar;D:\GlobalMaven\org\glassfish\jersey\containers\jersey-container-servlet-core\2.27\jersey-container-servlet-core-2.27.jar;D:\GlobalMaven\org\glassfish\jersey\containers\jersey-container-servlet\2.27\jersey-container-servlet-2.27.jar;D:\GlobalMaven\org\glassfish\jersey\ext\jersey-bean-validation\2.27\jersey-bean-validation-2.27.jar;D:\GlobalMaven\org\glassfish\jersey\ext\jersey-spring4\2.27\jersey-spring4-2.27.jar;D:\GlobalMaven\org\glassfish\jersey\inject\jersey-hk2\2.27\jersey-hk2-2.27.jar;D:\GlobalMaven\org\glassfish\hk2\hk2-locator\2.5.0-b42\hk2-locator-2.5.0-b42.jar;D:\GlobalMaven\org\glassfish\hk2\external\aopalliance-repackaged\2.5.0-b42\aopalliance-repackaged-2.5.0-b42.jar;D:\GlobalMaven\org\javassist\javassist\3.22.0-CR2\javassist-3.22.0-CR2.jar;D:\GlobalMaven\org\glassfish\hk2\hk2\2.5.0-b42\hk2-2.5.0-b42.jar;D:\GlobalMaven\org\glassfish\hk2\hk2-utils\2.5.0-b42\hk2-utils-2.5.0-b42.jar;D:\GlobalMaven\javax\inject\javax.inject\1\javax.inject-1.jar;D:\GlobalMaven\org\glassfish\hk2\hk2-api\2.5.0-b42\hk2-api-2.5.0-b42.jar;D:\GlobalMaven\org\glassfish\hk2\config-types\2.5.0-b42\config-types-2.5.0-b42.jar;D:\GlobalMaven\org\glassfish\hk2\hk2-core\2.5.0-b42\hk2-core-2.5.0-b42.jar;D:\GlobalMaven\org\glassfish\hk2\hk2-config\2.5.0-b42\hk2-config-2.5.0-b42.jar;D:\GlobalMaven\org\glassfish\hk2\hk2-runlevel\2.5.0-b42\hk2-runlevel-2.5.0-b42.jar;D:\GlobalMaven\org\glassfish\hk2\class-model\2.5.0-b42\class-model-2.5.0-b42.jar;D:\GlobalMaven\org\glassfish\hk2\external\asm-all-repackaged\2.5.0-b42\asm-all-repackaged-2.5.0-b42.jar;D:\GlobalMaven\org\glassfish\hk2\spring-bridge\2.5.0-b42\spring-bridge-2.5.0-b42.jar;D:\GlobalMaven\org\springframework\spring-aop\5.1.9.RELEASE\spring-aop-5.1.9.RELEASE.jar;D:\GlobalMaven\org\glassfish\jersey\media\jersey-media-json-jackson\2.27\jersey-media-json-jackson-2.27.jar;D:\GlobalMaven\org\glassfish\jersey\ext\jersey-entity-filtering\2.27\jersey-entity-filtering-2.27.jar;D:\GlobalMaven\com\fasterxml\jackson\core\jackson-annotations\2.9.0\jackson-annotations-2.9.0.jar;D:\GlobalMaven\com\fasterxml\jackson\module\jackson-module-jaxb-annotations\2.9.9\jackson-module-jaxb-annotations-2.9.9.jar;D:\GlobalMaven\javax\xml\bind\jaxb-api\2.3.1\jaxb-api-2.3.1.jar;D:\GlobalMaven\javax\activation\javax.activation-api\1.2.0\javax.activation-api-1.2.0.jar;D:\GlobalMaven\org\springframework\boot\spring-boot-starter-web\2.1.8.RELEASE\spring-boot-starter-web-2.1.8.RELEASE.jar;D:\GlobalMaven\org\springframework\boot\spring-boot-starter\2.1.8.RELEASE\spring-boot-starter-2.1.8.RELEASE.jar;D:\GlobalMaven\org\springframework\boot\spring-boot\2.1.8.RELEASE\spring-boot-2.1.8.RELEASE.jar;D:\GlobalMaven\org\springframework\boot\spring-boot-autoconfigure\2.1.8.RELEASE\spring-boot-autoconfigure-2.1.8.RELEASE.jar;D:\GlobalMaven\org\springframework\boot\spring-boot-starter-logging\2.1.8.RELEASE\spring-boot-starter-logging-2.1.8.RELEASE.jar;D:\GlobalMaven\ch\qos\logback\logback-classic\1.2.3\logback-classic-1.2.3.jar;D:\GlobalMaven\ch\qos\logback\logback-core\1.2.3\logback-core-1.2.3.jar;D:\GlobalMaven\org\apache\logging\log4j\log4j-to-slf4j\2.11.2\log4j-to-slf4j-2.11.2.jar;D:\GlobalMaven\org\apache\logging\log4j\log4j-api\2.11.2\log4j-api-2.11.2.jar;D:\GlobalMaven\org\slf4j\jul-to-slf4j\1.7.28\jul-to-slf4j-1.7.28.jar;D:\GlobalMaven\org\yaml\snakeyaml\1.23\snakeyaml-1.23.jar;D:\GlobalMaven\org\hibernate\validator\hibernate-validator\6.0.17.Final\hibernate-validator-6.0.17.Final.jar;D:\GlobalMaven\org\jboss\logging\jboss-logging\3.3.3.Final\jboss-logging-3.3.3.Final.jar;D:\GlobalMaven\com\fasterxml\classmate\1.4.0\classmate-1.4.0.jar;D:\GlobalMaven\org\springframework\spring-webmvc\5.1.9.RELEASE\spring-webmvc-5.1.9.RELEASE.jar;D:\GlobalMaven\org\springframework\spring-context\5.1.9.RELEASE\spring-context-5.1.9.RELEASE.jar;D:\GlobalMaven\org\springframework\spring-expression\5.1.9.RELEASE\spring-expression-5.1.9.RELEASE.jar;D:\GlobalMaven\org\springframework\boot\spring-boot-starter-test\2.1.8.RELEASE\spring-boot-starter-test-2.1.8.RELEASE.jar;D:\GlobalMaven\org\springframework\boot\spring-boot-test\2.1.8.RELEASE\spring-boot-test-2.1.8.RELEASE.jar;D:\GlobalMaven\org\springframework\boot\spring-boot-test-autoconfigure\2.1.8.RELEASE\spring-boot-test-autoconfigure-2.1.8.RELEASE.jar;D:\GlobalMaven\com\jayway\jsonpath\json-path\2.4.0\json-path-2.4.0.jar;D:\GlobalMaven\net\minidev\json-smart\2.3\json-smart-2.3.jar;D:\GlobalMaven\net\minidev\accessors-smart\1.2\accessors-smart-1.2.jar;D:\GlobalMaven\org\ow2\asm\asm\5.0.4\asm-5.0.4.jar;D:\GlobalMaven\org\slf4j\slf4j-api\1.7.28\slf4j-api-1.7.28.jar;D:\GlobalMaven\junit\junit\4.12\junit-4.12.jar;D:\GlobalMaven\org\assertj\assertj-core\3.11.1\assertj-core-3.11.1.jar;D:\GlobalMaven\org\mockito\mockito-core\2.23.4\mockito-core-2.23.4.jar;D:\GlobalMaven\net\bytebuddy\byte-buddy\1.9.16\byte-buddy-1.9.16.jar;D:\GlobalMaven\net\bytebuddy\byte-buddy-agent\1.9.16\byte-buddy-agent-1.9.16.jar;D:\GlobalMaven\org\objenesis\objenesis\2.6\objenesis-2.6.jar;D:\GlobalMaven\org\hamcrest\hamcrest-core\1.3\hamcrest-core-1.3.jar;D:\GlobalMaven\org\hamcrest\hamcrest-library\1.3\hamcrest-library-1.3.jar;D:\GlobalMaven\org\skyscreamer\jsonassert\1.5.0\jsonassert-1.5.0.jar;D:\GlobalMaven\com\vaadin\external\google\android-json\0.0.20131108.vaadin1\android-json-0.0.20131108.vaadin1.jar;D:\GlobalMaven\org\springframework\spring-core\5.1.9.RELEASE\spring-core-5.1.9.RELEASE.jar;D:\GlobalMaven\org\springframework\spring-jcl\5.1.9.RELEASE\spring-jcl-5.1.9.RELEASE.jar;D:\GlobalMaven\org\springframework\spring-test\5.1.9.RELEASE\spring-test-5.1.9.RELEASE.jar;D:\GlobalMaven\org\xmlunit\xmlunit-core\2.6.3\xmlunit-core-2.6.3.jar;"/>
    <property name="sun.cpu.endian" value="little"/>
    <property name="user.home" value="C:\Users\680947"/>
    <property name="user.language" value="en"/>
    <property name="java.specification.vendor" value="Oracle Corporation"/>
    <property name="java.home" value="C:\Program Files\Java\jdk1.8.0_221\jre"/>
    <property name="basedir" value="C:\Users\680947\Documents\workspace-spring-tool-suite-4-4.4.0.RELEASE\SpringBootRest"/>
    <property name="style.color" value="always"/>
    <property name="file.separator" value="\"/>
    <property name="line.separator" value="&#10;"/>
    <property name="java.vm.specification.vendor" value="Oracle Corporation"/>
    <property name="java.specification.name" value="Java Platform API Specification"/>
    <property name="java.awt.graphicsenv" value="sun.awt.Win32GraphicsEnvironment"/>
    <property name="surefire.real.class.path" value="C:\Users\680947\AppData\Local\Temp\surefire1278141824250337078\surefirebooter4102653398531825371.jar"/>
    <property name="sun.boot.class.path" value="C:\Program Files\Java\jdk1.8.0_221\jre\lib\resources.jar;C:\Program Files\Java\jdk1.8.0_221\jre\lib\rt.jar;C:\Program Files\Java\jdk1.8.0_221\jre\lib\sunrsasign.jar;C:\Program Files\Java\jdk1.8.0_221\jre\lib\jsse.jar;C:\Program Files\Java\jdk1.8.0_221\jre\lib\jce.jar;C:\Program Files\Java\jdk1.8.0_221\jre\lib\charsets.jar;C:\Program Files\Java\jdk1.8.0_221\jre\lib\jfr.jar;C:\Program Files\Java\jdk1.8.0_221\jre\classes"/>
    <property name="user.script" value=""/>
    <property name="sun.management.compiler" value="HotSpot 64-Bit Tiered Compilers"/>
    <property name="java.runtime.version" value="1.8.0_221-b11"/>
    <property name="user.name" value="680947"/>
    <property name="path.separator" value=";"/>
    <property name="os.version" value="10.0"/>
    <property name="java.endorsed.dirs" value="C:\Program Files\Java\jdk1.8.0_221\jre\lib\endorsed"/>
    <property name="java.runtime.name" value="Java(TM) SE Runtime Environment"/>
    <property name="file.encoding" value="Cp1252"/>
    <property name="java.vm.name" value="Java HotSpot(TM) 64-Bit Server VM"/>
    <property name="localRepository" value="D:\GlobalMaven"/>
    <property name="java.vendor.url.bug" value="http://bugreport.sun.com/bugreport/"/>
    <property name="java.io.tmpdir" value="C:\Users\680947\AppData\Local\Temp\"/>
    <property name="java.version" value="1.8.0_221"/>
    <property name="user.dir" value="C:\Users\680947\Documents\workspace-spring-tool-suite-4-4.4.0.RELEASE\SpringBootRest"/>
    <property name="os.arch" value="amd64"/>
    <property name="java.vm.specification.name" value="Java Virtual Machine Specification"/>
    <property name="java.awt.printerjob" value="sun.awt.windows.WPrinterJob"/>
    <property name="sun.os.patch.level" value=""/>
    <property name="java.library.path" value="C:\Program Files\Java\jdk1.8.0_221\jre\bin;C:\Windows\Sun\Java\bin;C:\Windows\system32;C:\Windows;C:/Program Files/Java/jre1.8.0_221/bin/server;C:/Program Files/Java/jre1.8.0_221/bin;C:/Program Files/Java/jre1.8.0_221/lib/amd64;C:\Program Files (x86)\Common Files\Oracle\Java\javapath;C:\ProgramData\Oracle\Java\javapath;C:\Windows\system32;C:\Windows;C:\Windows\System32\Wbem;C:\Windows\System32\WindowsPowerShell\v1.0\;C:\Program Files (x86)\PuTTY\;C:\Program Files\PuTTY\;C:\openshift-origin-client-tools-v1.5.1-7b451fc-windows;C:\Gradle\gradle-5.1.1\bin;%JAVA_HOME%\bin;C:\Program Files\nodejs\;C:\Users\680947\AppData\Local\Microsoft\WindowsApps;C:\Users\680947\AppData\Roaming\npm;C:\Users\680947\AppData\Local\Programs\Microsoft VS Code\bin;D:\Software\spring-tool-suite-4-4.4.0.RELEASE-e4.13.0-win32.win32.x86_64\sts-4.4.0.RELEASE;;."/>
    <property name="java.vm.info" value="mixed mode"/>
    <property name="java.vendor" value="Oracle Corporation"/>
    <property name="java.vm.version" value="25.221-b11"/>
    <property name="java.ext.dirs" value="C:\Program Files\Java\jdk1.8.0_221\jre\lib\ext;C:\Windows\Sun\Java\lib\ext"/>
    <property name="sun.io.unicode.encoding" value="UnicodeLittle"/>
    <property name="java.class.version" value="52.0"/>
  </properties>
  <testcase name="testGreetingsPersonalAccount" classname="com.example.demo.SpringBootRestApplicationTests" time="1.845"/>
  <testcase name="testGreetingsWithAccountandTypePositive" classname="com.example.demo.SpringBootRestApplicationTests" time="0.015"/>
  <testcase name="testGreetingsWithAccountandTypeSmall" classname="com.example.demo.SpringBootRestApplicationTests" time="0.022"/>
  <testcase name="testGreetingsWithIDandAccount" classname="com.example.demo.SpringBootRestApplicationTests" time="0.042"/>
</testsuite>